d:\games development\games programming 1\kieran-gallagher-gp1-coursework\coursework project\kgalla204 gp 1coursework\release\kgalla204 gp 1coursework.bsc
d:\games development\games programming 1\kieran-gallagher-gp1-coursework\coursework project\kgalla204 gp 1coursework\kgalla204 gp 1coursework\release\vc120.pdb
d:\games development\games programming 1\kieran-gallagher-gp1-coursework\coursework project\kgalla204 gp 1coursework\kgalla204 gp 1coursework\release\main.obj
d:\games development\games programming 1\kieran-gallagher-gp1-coursework\coursework project\kgalla204 gp 1coursework\kgalla204 gp 1coursework\release\cwndmanager.obj
d:\games development\games programming 1\kieran-gallagher-gp1-coursework\coursework project\kgalla204 gp 1coursework\kgalla204 gp 1coursework\release\ctexture.obj
d:\games development\games programming 1\kieran-gallagher-gp1-coursework\coursework project\kgalla204 gp 1coursework\kgalla204 gp 1coursework\release\csprite.obj
d:\games development\games programming 1\kieran-gallagher-gp1-coursework\coursework project\kgalla204 gp 1coursework\kgalla204 gp 1coursework\release\csoundmgr.obj
d:\games development\games programming 1\kieran-gallagher-gp1-coursework\coursework project\kgalla204 gp 1coursework\kgalla204 gp 1coursework\release\csound.obj
d:\games development\games programming 1\kieran-gallagher-gp1-coursework\coursework project\kgalla204 gp 1coursework\kgalla204 gp 1coursework\release\cplayercar.obj
d:\games development\games programming 1\kieran-gallagher-gp1-coursework\coursework project\kgalla204 gp 1coursework\kgalla204 gp 1coursework\release\cinputmgr.obj
d:\games development\games programming 1\kieran-gallagher-gp1-coursework\coursework project\kgalla204 gp 1coursework\kgalla204 gp 1coursework\release\cfontmgr.obj
d:\games development\games programming 1\kieran-gallagher-gp1-coursework\coursework project\kgalla204 gp 1coursework\kgalla204 gp 1coursework\release\cfont.obj
d:\games development\games programming 1\kieran-gallagher-gp1-coursework\coursework project\kgalla204 gp 1coursework\kgalla204 gp 1coursework\release\cenemyspawner.obj
d:\games development\games programming 1\kieran-gallagher-gp1-coursework\coursework project\kgalla204 gp 1coursework\kgalla204 gp 1coursework\release\cenemycar.obj
d:\games development\games programming 1\kieran-gallagher-gp1-coursework\coursework project\kgalla204 gp 1coursework\kgalla204 gp 1coursework\release\cbkground.obj
d:\games development\games programming 1\kieran-gallagher-gp1-coursework\coursework project\kgalla204 gp 1coursework\kgalla204 gp 1coursework\release\xcontroller.obj
d:\games development\games programming 1\kieran-gallagher-gp1-coursework\coursework project\kgalla204 gp 1coursework\kgalla204 gp 1coursework\release\gamescene.obj
d:\games development\games programming 1\kieran-gallagher-gp1-coursework\coursework project\kgalla204 gp 1coursework\kgalla204 gp 1coursework\release\cbkground.sbr
d:\games development\games programming 1\kieran-gallagher-gp1-coursework\coursework project\kgalla204 gp 1coursework\kgalla204 gp 1coursework\release\cenemycar.sbr
d:\games development\games programming 1\kieran-gallagher-gp1-coursework\coursework project\kgalla204 gp 1coursework\kgalla204 gp 1coursework\release\cenemyspawner.sbr
d:\games development\games programming 1\kieran-gallagher-gp1-coursework\coursework project\kgalla204 gp 1coursework\kgalla204 gp 1coursework\release\cfont.sbr
d:\games development\games programming 1\kieran-gallagher-gp1-coursework\coursework project\kgalla204 gp 1coursework\kgalla204 gp 1coursework\release\cfontmgr.sbr
d:\games development\games programming 1\kieran-gallagher-gp1-coursework\coursework project\kgalla204 gp 1coursework\kgalla204 gp 1coursework\release\cinputmgr.sbr
d:\games development\games programming 1\kieran-gallagher-gp1-coursework\coursework project\kgalla204 gp 1coursework\kgalla204 gp 1coursework\release\csound.sbr
d:\games development\games programming 1\kieran-gallagher-gp1-coursework\coursework project\kgalla204 gp 1coursework\kgalla204 gp 1coursework\release\csoundmgr.sbr
d:\games development\games programming 1\kieran-gallagher-gp1-coursework\coursework project\kgalla204 gp 1coursework\kgalla204 gp 1coursework\release\csprite.sbr
d:\games development\games programming 1\kieran-gallagher-gp1-coursework\coursework project\kgalla204 gp 1coursework\kgalla204 gp 1coursework\release\ctexture.sbr
d:\games development\games programming 1\kieran-gallagher-gp1-coursework\coursework project\kgalla204 gp 1coursework\kgalla204 gp 1coursework\release\cwndmanager.sbr
d:\games development\games programming 1\kieran-gallagher-gp1-coursework\coursework project\kgalla204 gp 1coursework\kgalla204 gp 1coursework\release\gamescene.sbr
d:\games development\games programming 1\kieran-gallagher-gp1-coursework\coursework project\kgalla204 gp 1coursework\kgalla204 gp 1coursework\release\main.sbr
d:\games development\games programming 1\kieran-gallagher-gp1-coursework\coursework project\kgalla204 gp 1coursework\kgalla204 gp 1coursework\release\cplayercar.sbr
d:\games development\games programming 1\kieran-gallagher-gp1-coursework\coursework project\kgalla204 gp 1coursework\kgalla204 gp 1coursework\release\windowogl.sbr
d:\games development\games programming 1\kieran-gallagher-gp1-coursework\coursework project\kgalla204 gp 1coursework\kgalla204 gp 1coursework\release\xcontroller.sbr
d:\games development\games programming 1\kieran-gallagher-gp1-coursework\coursework project\kgalla204 gp 1coursework\kgalla204 gp 1coursework\release\windowogl.obj
d:\games development\games programming 1\kieran-gallagher-gp1-coursework\coursework project\kgalla204 gp 1coursework\release\kgalla204 gp 1coursework.exe
d:\games development\games programming 1\kieran-gallagher-gp1-coursework\coursework project\kgalla204 gp 1coursework\release\kgalla204 gp 1coursework.pdb
d:\games development\games programming 1\kieran-gallagher-gp1-coursework\coursework project\kgalla204 gp 1coursework\kgalla204 gp 1coursework\release\kgalla20.3854750a.tlog\bscmake.command.1.tlog
d:\games development\games programming 1\kieran-gallagher-gp1-coursework\coursework project\kgalla204 gp 1coursework\kgalla204 gp 1coursework\release\kgalla20.3854750a.tlog\bscmake.read.1.tlog
d:\games development\games programming 1\kieran-gallagher-gp1-coursework\coursework project\kgalla204 gp 1coursework\kgalla204 gp 1coursework\release\kgalla20.3854750a.tlog\bscmake.write.1.tlog
d:\games development\games programming 1\kieran-gallagher-gp1-coursework\coursework project\kgalla204 gp 1coursework\kgalla204 gp 1coursework\release\kgalla20.3854750a.tlog\cl.command.1.tlog
d:\games development\games programming 1\kieran-gallagher-gp1-coursework\coursework project\kgalla204 gp 1coursework\kgalla204 gp 1coursework\release\kgalla20.3854750a.tlog\cl.read.1.tlog
d:\games development\games programming 1\kieran-gallagher-gp1-coursework\coursework project\kgalla204 gp 1coursework\kgalla204 gp 1coursework\release\kgalla20.3854750a.tlog\cl.write.1.tlog
d:\games development\games programming 1\kieran-gallagher-gp1-coursework\coursework project\kgalla204 gp 1coursework\kgalla204 gp 1coursework\release\kgalla20.3854750a.tlog\link.command.1.tlog
d:\games development\games programming 1\kieran-gallagher-gp1-coursework\coursework project\kgalla204 gp 1coursework\kgalla204 gp 1coursework\release\kgalla20.3854750a.tlog\link.read.1.tlog
d:\games development\games programming 1\kieran-gallagher-gp1-coursework\coursework project\kgalla204 gp 1coursework\kgalla204 gp 1coursework\release\kgalla20.3854750a.tlog\link.write.1.tlog
