Build started 12/04/2015 20:21:21.
     1>Project "D:\Games Development\Games Programming 1\Kieran-Gallagher-GP1-Coursework\Coursework Project\KGALLA204 GP 1Coursework\KGALLA204 GP 1Coursework\KGALLA204 GP 1Coursework.vcxproj" on node 2 (Rebuild target(s)).
     1>ClCompile:
         C:\Program Files (x86)\Microsoft Visual Studio 12.0\VC\bin\CL.exe /c /ZI /nologo /W3 /WX- /sdl /Od /Oy- /D _MBCS /Gm /EHsc /RTC1 /MDd /GS /fp:precise /Zc:wchar_t /Zc:forScope /Fo"Debug\\" /Fd"Debug\vc120.pdb" /FR"Debug\\" /Gd /TP /analyze- /errorReport:prompt cBkGround.cpp cEnemyCar.cpp cEnemySpawner.cpp cFont.cpp cFontMgr.cpp cInputMgr.cpp cSound.cpp cSoundMgr.cpp cSprite.cpp cTexture.cpp cWNDManager.cpp GameScene.cpp main.cpp cPlayerCar.cpp windowOGL.cpp
         windowOGL.cpp
         cPlayerCar.cpp
     1>d:\games development\games programming 1\kieran-gallagher-gp1-coursework\coursework project\kgalla204 gp 1coursework\kgalla204 gp 1coursework\cplayercar.cpp(29): warning C4244: 'argument' : conversion from 'int' to 'GLfloat', possible loss of data
     1>d:\games development\games programming 1\kieran-gallagher-gp1-coursework\coursework project\kgalla204 gp 1coursework\kgalla204 gp 1coursework\cplayercar.cpp(32): warning C4244: 'argument' : conversion from 'int' to 'GLfloat', possible loss of data
     1>d:\games development\games programming 1\kieran-gallagher-gp1-coursework\coursework project\kgalla204 gp 1coursework\kgalla204 gp 1coursework\cplayercar.cpp(35): warning C4244: 'argument' : conversion from 'int' to 'GLfloat', possible loss of data
     1>d:\games development\games programming 1\kieran-gallagher-gp1-coursework\coursework project\kgalla204 gp 1coursework\kgalla204 gp 1coursework\cplayercar.cpp(38): warning C4244: 'argument' : conversion from 'int' to 'GLfloat', possible loss of data
     1>d:\games development\games programming 1\kieran-gallagher-gp1-coursework\coursework project\kgalla204 gp 1coursework\kgalla204 gp 1coursework\cplayercar.cpp(54): warning C4244: '+=' : conversion from 'double' to 'float', possible loss of data
     1>d:\games development\games programming 1\kieran-gallagher-gp1-coursework\coursework project\kgalla204 gp 1coursework\kgalla204 gp 1coursework\cplayercar.cpp(73): warning C4244: '-=' : conversion from 'double' to 'float', possible loss of data
         main.cpp
         GameScene.cpp
     1>d:\games development\games programming 1\kieran-gallagher-gp1-coursework\coursework project\kgalla204 gp 1coursework\kgalla204 gp 1coursework\gamescene.cpp(68): warning C4244: '=' : conversion from 'float' to 'int', possible loss of data
     1>d:\games development\games programming 1\kieran-gallagher-gp1-coursework\coursework project\kgalla204 gp 1coursework\kgalla204 gp 1coursework\gamescene.cpp(73): warning C4244: '=' : conversion from 'float' to 'int', possible loss of data
     1>d:\games development\games programming 1\kieran-gallagher-gp1-coursework\coursework project\kgalla204 gp 1coursework\kgalla204 gp 1coursework\gamescene.cpp(111): warning C4244: '-=' : conversion from 'double' to 'float', possible loss of data
     1>d:\games development\games programming 1\kieran-gallagher-gp1-coursework\coursework project\kgalla204 gp 1coursework\kgalla204 gp 1coursework\gamescene.cpp(140): warning C4244: 'argument' : conversion from 'int' to 'float', possible loss of data
     1>d:\games development\games programming 1\kieran-gallagher-gp1-coursework\coursework project\kgalla204 gp 1coursework\kgalla204 gp 1coursework\gamescene.cpp(169): warning C4244: '+=' : conversion from 'double' to 'float', possible loss of data
         cWNDManager.cpp
         cTexture.cpp
         cSprite.cpp
     1>d:\games development\games programming 1\kieran-gallagher-gp1-coursework\coursework project\kgalla204 gp 1coursework\kgalla204 gp 1coursework\csprite.cpp(106): warning C4244: '=' : conversion from 'int' to 'float', possible loss of data
     1>d:\games development\games programming 1\kieran-gallagher-gp1-coursework\coursework project\kgalla204 gp 1coursework\kgalla204 gp 1coursework\csprite.cpp(107): warning C4244: '=' : conversion from 'int' to 'float', possible loss of data
     1>d:\games development\games programming 1\kieran-gallagher-gp1-coursework\coursework project\kgalla204 gp 1coursework\kgalla204 gp 1coursework\csprite.cpp(180): warning C4244: 'argument' : conversion from 'int' to 'GLfloat', possible loss of data
     1>d:\games development\games programming 1\kieran-gallagher-gp1-coursework\coursework project\kgalla204 gp 1coursework\kgalla204 gp 1coursework\csprite.cpp(182): warning C4244: 'argument' : conversion from 'int' to 'GLfloat', possible loss of data
     1>d:\games development\games programming 1\kieran-gallagher-gp1-coursework\coursework project\kgalla204 gp 1coursework\kgalla204 gp 1coursework\csprite.cpp(184): warning C4244: 'argument' : conversion from 'int' to 'GLfloat', possible loss of data
     1>d:\games development\games programming 1\kieran-gallagher-gp1-coursework\coursework project\kgalla204 gp 1coursework\kgalla204 gp 1coursework\csprite.cpp(206): warning C4244: '=' : conversion from 'int' to 'float', possible loss of data
     1>d:\games development\games programming 1\kieran-gallagher-gp1-coursework\coursework project\kgalla204 gp 1coursework\kgalla204 gp 1coursework\csprite.cpp(241): warning C4244: '=' : conversion from 'float' to 'LONG', possible loss of data
     1>d:\games development\games programming 1\kieran-gallagher-gp1-coursework\coursework project\kgalla204 gp 1coursework\kgalla204 gp 1coursework\csprite.cpp(242): warning C4244: '=' : conversion from 'float' to 'LONG', possible loss of data
     1>d:\games development\games programming 1\kieran-gallagher-gp1-coursework\coursework project\kgalla204 gp 1coursework\kgalla204 gp 1coursework\csprite.cpp(243): warning C4244: '=' : conversion from 'float' to 'LONG', possible loss of data
     1>d:\games development\games programming 1\kieran-gallagher-gp1-coursework\coursework project\kgalla204 gp 1coursework\kgalla204 gp 1coursework\csprite.cpp(244): warning C4244: '=' : conversion from 'float' to 'LONG', possible loss of data
     1>d:\games development\games programming 1\kieran-gallagher-gp1-coursework\coursework project\kgalla204 gp 1coursework\kgalla204 gp 1coursework\csprite.cpp(301): warning C4244: 'argument' : conversion from 'LONG' to 'GLfloat', possible loss of data
     1>d:\games development\games programming 1\kieran-gallagher-gp1-coursework\coursework project\kgalla204 gp 1coursework\kgalla204 gp 1coursework\csprite.cpp(313): warning C4244: 'argument' : conversion from 'int' to 'GLfloat', possible loss of data
     1>d:\games development\games programming 1\kieran-gallagher-gp1-coursework\coursework project\kgalla204 gp 1coursework\kgalla204 gp 1coursework\csprite.cpp(314): warning C4244: 'argument' : conversion from 'int' to 'GLfloat', possible loss of data
     1>d:\games development\games programming 1\kieran-gallagher-gp1-coursework\coursework project\kgalla204 gp 1coursework\kgalla204 gp 1coursework\csprite.cpp(315): warning C4244: 'argument' : conversion from 'int' to 'GLfloat', possible loss of data
         cSoundMgr.cpp
         cSound.cpp
         cInputMgr.cpp
         cFontMgr.cpp
         cFont.cpp
         cEnemySpawner.cpp
     1>d:\games development\games programming 1\kieran-gallagher-gp1-coursework\coursework project\kgalla204 gp 1coursework\kgalla204 gp 1coursework\cenemyspawner.cpp(17): warning C4244: '=' : conversion from 'double' to 'float', possible loss of data
     1>d:\games development\games programming 1\kieran-gallagher-gp1-coursework\coursework project\kgalla204 gp 1coursework\kgalla204 gp 1coursework\cenemyspawner.cpp(30): warning C4244: 'argument' : conversion from 'int' to 'float', possible loss of data
     1>d:\games development\games programming 1\kieran-gallagher-gp1-coursework\coursework project\kgalla204 gp 1coursework\kgalla204 gp 1coursework\cenemyspawner.cpp(39): warning C4244: '=' : conversion from 'float' to 'int', possible loss of data
     1>d:\games development\games programming 1\kieran-gallagher-gp1-coursework\coursework project\kgalla204 gp 1coursework\kgalla204 gp 1coursework\cenemyspawner.cpp(49): warning C4244: '-=' : conversion from 'double' to 'float', possible loss of data
     1>d:\games development\games programming 1\kieran-gallagher-gp1-coursework\coursework project\kgalla204 gp 1coursework\kgalla204 gp 1coursework\cenemyspawner.cpp(50): warning C4244: '+=' : conversion from 'double' to 'float', possible loss of data
     1>d:\games development\games programming 1\kieran-gallagher-gp1-coursework\coursework project\kgalla204 gp 1coursework\kgalla204 gp 1coursework\cenemyspawner.cpp(55): warning C4244: '=' : conversion from 'double' to 'float', possible loss of data
     1>d:\games development\games programming 1\kieran-gallagher-gp1-coursework\coursework project\kgalla204 gp 1coursework\kgalla204 gp 1coursework\cenemyspawner.cpp(82): warning C4244: '+=' : conversion from 'double' to 'float', possible loss of data
         cEnemyCar.cpp
     1>d:\games development\games programming 1\kieran-gallagher-gp1-coursework\coursework project\kgalla204 gp 1coursework\kgalla204 gp 1coursework\cenemycar.cpp(35): warning C4244: 'argument' : conversion from 'int' to 'GLfloat', possible loss of data
     1>d:\games development\games programming 1\kieran-gallagher-gp1-coursework\coursework project\kgalla204 gp 1coursework\kgalla204 gp 1coursework\cenemycar.cpp(38): warning C4244: 'argument' : conversion from 'int' to 'GLfloat', possible loss of data
     1>d:\games development\games programming 1\kieran-gallagher-gp1-coursework\coursework project\kgalla204 gp 1coursework\kgalla204 gp 1coursework\cenemycar.cpp(41): warning C4244: 'argument' : conversion from 'int' to 'GLfloat', possible loss of data
     1>d:\games development\games programming 1\kieran-gallagher-gp1-coursework\coursework project\kgalla204 gp 1coursework\kgalla204 gp 1coursework\cenemycar.cpp(44): warning C4244: 'argument' : conversion from 'int' to 'GLfloat', possible loss of data
     1>d:\games development\games programming 1\kieran-gallagher-gp1-coursework\coursework project\kgalla204 gp 1coursework\kgalla204 gp 1coursework\cenemycar.cpp(54): warning C4244: '+=' : conversion from 'double' to 'float', possible loss of data
         cBkGround.cpp
         Generating Code...
       Link:
         C:\Program Files (x86)\Microsoft Visual Studio 12.0\VC\bin\link.exe /ERRORREPORT:PROMPT /OUT:"D:\Games Development\Games Programming 1\Kieran-Gallagher-GP1-Coursework\Coursework Project\KGALLA204 GP 1Coursework\Debug\KGALLA204 GP 1Coursework.exe" /INCREMENTAL /NOLOGO kernel32.lib user32.lib gdi32.lib winspool.lib comdlg32.lib advapi32.lib shell32.lib ole32.lib oleaut32.lib uuid.lib odbc32.lib odbccp32.lib /MANIFEST /MANIFESTUAC:"level='asInvoker' uiAccess='false'" /manifest:embed /DEBUG /PDB:"D:\Games Development\Games Programming 1\Kieran-Gallagher-GP1-Coursework\Coursework Project\KGALLA204 GP 1Coursework\Debug\KGALLA204 GP 1Coursework.pdb" /TLBID:1 /DYNAMICBASE /NXCOMPAT /IMPLIB:"D:\Games Development\Games Programming 1\Kieran-Gallagher-GP1-Coursework\Coursework Project\KGALLA204 GP 1Coursework\Debug\KGALLA204 GP 1Coursework.lib" /MACHINE:X86 Debug\cBkGround.obj
         Debug\cEnemyCar.obj
         Debug\cEnemySpawner.obj
         Debug\cFont.obj
         Debug\cFontMgr.obj
         Debug\cInputMgr.obj
         Debug\cSound.obj
         Debug\cSoundMgr.obj
         Debug\cSprite.obj
         Debug\cTexture.obj
         Debug\cWNDManager.obj
         Debug\GameScene.obj
         Debug\main.obj
         Debug\cPlayerCar.obj
         Debug\windowOGL.obj
         Libraries\alut.lib
         Libraries\DevIL.lib
         Libraries\freeglut.lib
         Libraries\ftgl.lib
         Libraries\ILU.lib
         Libraries\ILUT.lib
         Libraries\OpenAL32.lib
         KGALLA204 GP 1Coursework.vcxproj -> D:\Games Development\Games Programming 1\Kieran-Gallagher-GP1-Coursework\Coursework Project\KGALLA204 GP 1Coursework\Debug\KGALLA204 GP 1Coursework.exe
       BscMake:
         C:\Program Files (x86)\Microsoft Visual Studio 12.0\VC\bin\bscmake.exe /nologo /o"D:\Games Development\Games Programming 1\Kieran-Gallagher-GP1-Coursework\Coursework Project\KGALLA204 GP 1Coursework\Debug\KGALLA204 GP 1Coursework.bsc" /n Debug\cBkGround.sbr Debug\cEnemyCar.sbr Debug\cEnemySpawner.sbr Debug\cFont.sbr Debug\cFontMgr.sbr Debug\cInputMgr.sbr Debug\cSound.sbr Debug\cSoundMgr.sbr Debug\cSprite.sbr Debug\cTexture.sbr Debug\cWNDManager.sbr Debug\GameScene.sbr Debug\main.sbr Debug\cPlayerCar.sbr Debug\windowOGL.sbr
     1>Done Building Project "D:\Games Development\Games Programming 1\Kieran-Gallagher-GP1-Coursework\Coursework Project\KGALLA204 GP 1Coursework\KGALLA204 GP 1Coursework\KGALLA204 GP 1Coursework.vcxproj" (Rebuild target(s)).

Build succeeded.

Time Elapsed 00:00:27.93
