c:\users\kieran\desktop\game development\gp1\kieran-gallagher-gp1-coursework\coursework project\kgalla204 gp 1coursework\debug\kgalla204 gp 1coursework.bsc
c:\users\kieran\desktop\game development\gp1\kieran-gallagher-gp1-coursework\coursework project\kgalla204 gp 1coursework\kgalla204 gp 1coursework\debug\vc120.pdb
c:\users\kieran\desktop\game development\gp1\kieran-gallagher-gp1-coursework\coursework project\kgalla204 gp 1coursework\kgalla204 gp 1coursework\debug\vc120.idb
c:\users\kieran\desktop\game development\gp1\kieran-gallagher-gp1-coursework\coursework project\kgalla204 gp 1coursework\kgalla204 gp 1coursework\debug\windowogl.sbr
c:\users\kieran\desktop\game development\gp1\kieran-gallagher-gp1-coursework\coursework project\kgalla204 gp 1coursework\kgalla204 gp 1coursework\debug\cplayercar.sbr
c:\users\kieran\desktop\game development\gp1\kieran-gallagher-gp1-coursework\coursework project\kgalla204 gp 1coursework\kgalla204 gp 1coursework\debug\main.sbr
c:\users\kieran\desktop\game development\gp1\kieran-gallagher-gp1-coursework\coursework project\kgalla204 gp 1coursework\kgalla204 gp 1coursework\debug\gamescene.sbr
c:\users\kieran\desktop\game development\gp1\kieran-gallagher-gp1-coursework\coursework project\kgalla204 gp 1coursework\kgalla204 gp 1coursework\debug\cwndmanager.sbr
c:\users\kieran\desktop\game development\gp1\kieran-gallagher-gp1-coursework\coursework project\kgalla204 gp 1coursework\kgalla204 gp 1coursework\debug\ctexture.sbr
c:\users\kieran\desktop\game development\gp1\kieran-gallagher-gp1-coursework\coursework project\kgalla204 gp 1coursework\kgalla204 gp 1coursework\debug\csprite.sbr
c:\users\kieran\desktop\game development\gp1\kieran-gallagher-gp1-coursework\coursework project\kgalla204 gp 1coursework\kgalla204 gp 1coursework\debug\csoundmgr.sbr
c:\users\kieran\desktop\game development\gp1\kieran-gallagher-gp1-coursework\coursework project\kgalla204 gp 1coursework\kgalla204 gp 1coursework\debug\csound.sbr
c:\users\kieran\desktop\game development\gp1\kieran-gallagher-gp1-coursework\coursework project\kgalla204 gp 1coursework\kgalla204 gp 1coursework\debug\cinputmgr.sbr
c:\users\kieran\desktop\game development\gp1\kieran-gallagher-gp1-coursework\coursework project\kgalla204 gp 1coursework\kgalla204 gp 1coursework\debug\cfontmgr.sbr
c:\users\kieran\desktop\game development\gp1\kieran-gallagher-gp1-coursework\coursework project\kgalla204 gp 1coursework\kgalla204 gp 1coursework\debug\cfont.sbr
c:\users\kieran\desktop\game development\gp1\kieran-gallagher-gp1-coursework\coursework project\kgalla204 gp 1coursework\kgalla204 gp 1coursework\debug\cenemyspawner.sbr
c:\users\kieran\desktop\game development\gp1\kieran-gallagher-gp1-coursework\coursework project\kgalla204 gp 1coursework\kgalla204 gp 1coursework\debug\cenemycar.sbr
c:\users\kieran\desktop\game development\gp1\kieran-gallagher-gp1-coursework\coursework project\kgalla204 gp 1coursework\kgalla204 gp 1coursework\debug\cbkground.sbr
c:\users\kieran\desktop\game development\gp1\kieran-gallagher-gp1-coursework\coursework project\kgalla204 gp 1coursework\kgalla204 gp 1coursework\debug\cbkground.obj
c:\users\kieran\desktop\game development\gp1\kieran-gallagher-gp1-coursework\coursework project\kgalla204 gp 1coursework\kgalla204 gp 1coursework\debug\cenemycar.obj
c:\users\kieran\desktop\game development\gp1\kieran-gallagher-gp1-coursework\coursework project\kgalla204 gp 1coursework\kgalla204 gp 1coursework\debug\cenemyspawner.obj
c:\users\kieran\desktop\game development\gp1\kieran-gallagher-gp1-coursework\coursework project\kgalla204 gp 1coursework\kgalla204 gp 1coursework\debug\cfont.obj
c:\users\kieran\desktop\game development\gp1\kieran-gallagher-gp1-coursework\coursework project\kgalla204 gp 1coursework\kgalla204 gp 1coursework\debug\cfontmgr.obj
c:\users\kieran\desktop\game development\gp1\kieran-gallagher-gp1-coursework\coursework project\kgalla204 gp 1coursework\kgalla204 gp 1coursework\debug\cinputmgr.obj
c:\users\kieran\desktop\game development\gp1\kieran-gallagher-gp1-coursework\coursework project\kgalla204 gp 1coursework\kgalla204 gp 1coursework\debug\csound.obj
c:\users\kieran\desktop\game development\gp1\kieran-gallagher-gp1-coursework\coursework project\kgalla204 gp 1coursework\kgalla204 gp 1coursework\debug\csoundmgr.obj
c:\users\kieran\desktop\game development\gp1\kieran-gallagher-gp1-coursework\coursework project\kgalla204 gp 1coursework\kgalla204 gp 1coursework\debug\csprite.obj
c:\users\kieran\desktop\game development\gp1\kieran-gallagher-gp1-coursework\coursework project\kgalla204 gp 1coursework\kgalla204 gp 1coursework\debug\ctexture.obj
c:\users\kieran\desktop\game development\gp1\kieran-gallagher-gp1-coursework\coursework project\kgalla204 gp 1coursework\kgalla204 gp 1coursework\debug\cwndmanager.obj
c:\users\kieran\desktop\game development\gp1\kieran-gallagher-gp1-coursework\coursework project\kgalla204 gp 1coursework\kgalla204 gp 1coursework\debug\gamescene.obj
c:\users\kieran\desktop\game development\gp1\kieran-gallagher-gp1-coursework\coursework project\kgalla204 gp 1coursework\kgalla204 gp 1coursework\debug\cplayercar.obj
c:\users\kieran\desktop\game development\gp1\kieran-gallagher-gp1-coursework\coursework project\kgalla204 gp 1coursework\kgalla204 gp 1coursework\debug\windowogl.obj
c:\users\kieran\desktop\game development\gp1\kieran-gallagher-gp1-coursework\coursework project\kgalla204 gp 1coursework\kgalla204 gp 1coursework\debug\main.obj
c:\users\kieran\desktop\game development\gp1\kieran-gallagher-gp1-coursework\coursework project\kgalla204 gp 1coursework\debug\kgalla204 gp 1coursework.ilk
c:\users\kieran\desktop\game development\gp1\kieran-gallagher-gp1-coursework\coursework project\kgalla204 gp 1coursework\debug\kgalla204 gp 1coursework.exe
c:\users\kieran\desktop\game development\gp1\kieran-gallagher-gp1-coursework\coursework project\kgalla204 gp 1coursework\debug\kgalla204 gp 1coursework.pdb
c:\users\kieran\desktop\game development\gp1\kieran-gallagher-gp1-coursework\coursework project\kgalla204 gp 1coursework\kgalla204 gp 1coursework\debug\kgalla20.3854750a.tlog\bscmake.command.1.tlog
c:\users\kieran\desktop\game development\gp1\kieran-gallagher-gp1-coursework\coursework project\kgalla204 gp 1coursework\kgalla204 gp 1coursework\debug\kgalla20.3854750a.tlog\bscmake.read.1.tlog
c:\users\kieran\desktop\game development\gp1\kieran-gallagher-gp1-coursework\coursework project\kgalla204 gp 1coursework\kgalla204 gp 1coursework\debug\kgalla20.3854750a.tlog\bscmake.write.1.tlog
c:\users\kieran\desktop\game development\gp1\kieran-gallagher-gp1-coursework\coursework project\kgalla204 gp 1coursework\kgalla204 gp 1coursework\debug\kgalla20.3854750a.tlog\cl.command.1.tlog
c:\users\kieran\desktop\game development\gp1\kieran-gallagher-gp1-coursework\coursework project\kgalla204 gp 1coursework\kgalla204 gp 1coursework\debug\kgalla20.3854750a.tlog\cl.read.1.tlog
c:\users\kieran\desktop\game development\gp1\kieran-gallagher-gp1-coursework\coursework project\kgalla204 gp 1coursework\kgalla204 gp 1coursework\debug\kgalla20.3854750a.tlog\cl.write.1.tlog
c:\users\kieran\desktop\game development\gp1\kieran-gallagher-gp1-coursework\coursework project\kgalla204 gp 1coursework\kgalla204 gp 1coursework\debug\kgalla20.3854750a.tlog\link.command.1.tlog
c:\users\kieran\desktop\game development\gp1\kieran-gallagher-gp1-coursework\coursework project\kgalla204 gp 1coursework\kgalla204 gp 1coursework\debug\kgalla20.3854750a.tlog\link.read.1.tlog
c:\users\kieran\desktop\game development\gp1\kieran-gallagher-gp1-coursework\coursework project\kgalla204 gp 1coursework\kgalla204 gp 1coursework\debug\kgalla20.3854750a.tlog\link.write.1.tlog
